<?xml version="1.0" encoding="UTF-8"?>
<testsuite name="kndm.java.examples.junit.service.UserServiceTest" tests="2" skipped="0" failures="0" errors="0" timestamp="2024-01-26T19:28:27" hostname="knyaginin-Aspire-E1-572G" time="0.029">
  <properties/>
  <testcase name="testIsUsersNotExists()" classname="kndm.java.examples.junit.service.UserServiceTest" time="0.024"/>
  <testcase name="testUserCountIfThemAdded()" classname="kndm.java.examples.junit.service.UserServiceTest" time="0.004"/>
  <system-out><![CDATA[Before all
Before each: kndm.java.examples.junit.service.UserServiceTest@791f145a
Test 1: kndm.java.examples.junit.service.UserServiceTest@791f145a
After each: kndm.java.examples.junit.service.UserServiceTest@791f145a
Before each: kndm.java.examples.junit.service.UserServiceTest@470734c3
Test 2: kndm.java.examples.junit.service.UserServiceTest@470734c3
After each: kndm.java.examples.junit.service.UserServiceTest@470734c3
After all
]]></system-out>
  <system-err><![CDATA[]]></system-err>
</testsuite>
